<?xml version="1.0" encoding="UTF-8"?>
<testng-results skipped="0" failed="0" ignored="0" total="1" passed="1">
  <reporter-output>
  </reporter-output>
  <suite name="Suite" duration-ms="17267" started-at="2018-12-02T11:41:55Z" finished-at="2018-12-02T11:42:12Z">
    <groups>
    </groups>
    <test name="Test" duration-ms="17267" started-at="2018-12-02T11:41:55Z" finished-at="2018-12-02T11:42:12Z">
      <class name="tests.LaunchHomePage">
        <test-method status="PASS" signature="beforeMethod()[pri:0, instance:tests.LaunchHomePage@49e4cb85]" name="beforeMethod" is-config="true" duration-ms="9903" started-at="2018-12-02T11:41:55Z" finished-at="2018-12-02T11:42:05Z">
          <reporter-output>
          </reporter-output>
        </test-method> <!-- beforeMethod -->
        <test-method status="PASS" signature="loginHomePage()[pri:0, instance:tests.LaunchHomePage@49e4cb85]" name="loginHomePage" duration-ms="6654" started-at="2018-12-02T11:42:05Z" finished-at="2018-12-02T11:42:11Z">
          <reporter-output>
          </reporter-output>
        </test-method> <!-- loginHomePage -->
        <test-method status="PASS" signature="afterMethod()[pri:0, instance:tests.LaunchHomePage@49e4cb85]" name="afterMethod" is-config="true" duration-ms="690" started-at="2018-12-02T11:42:11Z" finished-at="2018-12-02T11:42:12Z">
          <reporter-output>
          </reporter-output>
        </test-method> <!-- afterMethod -->
      </class> <!-- tests.LaunchHomePage -->
    </test> <!-- Test -->
  </suite> <!-- Suite -->
</testng-results>
