<?xml version="1.0" encoding="UTF-8"?>
<testng-results skipped="0" failed="0" ignored="0" total="1" passed="1">
  <reporter-output>
  </reporter-output>
  <suite name="Suite" duration-ms="200113" started-at="2018-11-26T14:47:09Z" finished-at="2018-11-26T14:50:29Z">
    <groups>
    </groups>
    <test name="Test" duration-ms="200113" started-at="2018-11-26T14:47:09Z" finished-at="2018-11-26T14:50:29Z">
      <class name="tests.LaunchHomePage">
        <test-method status="PASS" signature="beforeMethod()[pri:0, instance:tests.LaunchHomePage@6f7fd0e6]" name="beforeMethod" is-config="true" duration-ms="86757" started-at="2018-11-26T14:47:09Z" finished-at="2018-11-26T14:48:36Z">
          <reporter-output>
          </reporter-output>
        </test-method> <!-- beforeMethod -->
        <test-method status="PASS" signature="loginHomePage()[pri:0, instance:tests.LaunchHomePage@6f7fd0e6]" name="loginHomePage" duration-ms="112640" started-at="2018-11-26T14:48:36Z" finished-at="2018-11-26T14:50:29Z">
          <reporter-output>
          </reporter-output>
        </test-method> <!-- loginHomePage -->
        <test-method status="PASS" signature="afterMethod()[pri:0, instance:tests.LaunchHomePage@6f7fd0e6]" name="afterMethod" is-config="true" duration-ms="696" started-at="2018-11-26T14:50:29Z" finished-at="2018-11-26T14:50:29Z">
          <reporter-output>
          </reporter-output>
        </test-method> <!-- afterMethod -->
      </class> <!-- tests.LaunchHomePage -->
    </test> <!-- Test -->
  </suite> <!-- Suite -->
</testng-results>
